<?xml version="1.0" encoding="utf-8"?><testsuites name="pytest tests"><testsuite name="pytest" errors="0" failures="0" skipped="0" tests="6" time="1.410" timestamp="2026-07-17T11:28:47.295361+00:00" hostname="agent-env-64461cd9-95f2-4f0c-9477-5ba24aa270ea"><testcase classname="tests.test_contact_api.TestHealth" name="test_api_root" time="0.170" /><testcase classname="tests.test_contact_api.TestContact" name="test_create_contact_message" time="0.245" /><testcase classname="tests.test_contact_api.TestContact" name="test_list_returns_newest_first_and_contains_created" time="0.545" /><testcase classname="tests.test_contact_api.TestContact" name="test_create_without_phone_defaults_to_empty" time="0.044" /><testcase classname="tests.test_contact_api.TestContact" name="test_create_missing_required_field_returns_422" time="0.045" /><testcase classname="tests.test_contact_api.TestContact" name="test_no_mongo_object_id_leaks" time="0.046" /></testsuite></testsuites>