<?xml version="1.0" encoding="utf-8"?><testsuites name="pytest tests"><testsuite name="pytest" errors="0" failures="0" skipped="0" tests="6" time="1.331" timestamp="2026-07-17T08:32:31.449930+00:00" hostname="agent-env-64461cd9-95f2-4f0c-9477-5ba24aa270ea"><testcase classname="tests.test_contact_api.TestHealth" name="test_api_root" time="0.156" /><testcase classname="tests.test_contact_api.TestContact" name="test_create_contact_message" time="0.149" /><testcase classname="tests.test_contact_api.TestContact" name="test_list_returns_newest_first_and_contains_created" time="0.589" /><testcase classname="tests.test_contact_api.TestContact" name="test_create_without_phone_defaults_to_empty" time="0.042" /><testcase classname="tests.test_contact_api.TestContact" name="test_create_missing_required_field_returns_422" time="0.043" /><testcase classname="tests.test_contact_api.TestContact" name="test_no_mongo_object_id_leaks" time="0.043" /></testsuite></testsuites>